# JRE version: OpenJDK Runtime Environment Temurin-21.0.6+7 (21.0.6+7) (build 21.0.6+7-LTS)
# Java VM: OpenJDK 64-Bit Server VM Temurin-21.0.6+7 (21.0.6+7-LTS, mixed mode, sharing, tiered, compressed oops, compressed class ptrs, parallel gc, windows-amd64)
GC Precious Log:
 CardTable entry size: 512
 CPUs: 8 total, 8 available
 Memory: 16151M
 Large Page Support: Disabled
 NUMA Support: Disabled
 Compressed Oops: Enabled (32-bit)
 Alignments: Space 512K, Generation 512K, Heap 2M
 Heap Min Capacity: 100M
 Heap Initial Capacity: 100M
 Heap Max Capacity: 1G
 Pre-touch: Disabled
 Parallel Workers: 8
Heap:
 PSYoungGen      total 4608K, used 1980K [0x00000000eab00000, 0x00000000eb100000, 0x0000000100000000)
  eden space 3584K, 49% used [0x00000000eab00000,0x00000000eacb7110,0x00000000eae80000)
  from space 1024K, 21% used [0x00000000eaf00000,0x00000000eaf38000,0x00000000eb000000)
  to   space 512K, 0% used [0x00000000eb080000,0x00000000eb080000,0x00000000eb100000)
 ParOldGen       total 502784K, used 95112K [0x00000000c0000000, 0x00000000deb00000, 0x00000000eab00000)
  object space 502784K, 18% used [0x00000000c0000000,0x00000000c5ce2318,0x00000000deb00000)
 Metaspace       used 73036K, committed 74880K, reserved 1179648K
  class space    used 7192K, committed 7936K, reserved 1048576K
GC Heap History (20 events):
Event: 7113.688 GC heap before
{Heap before GC invocations=802 (full 3):
 PSYoungGen      total 4096K, used 4096K [0x00000000eab00000, 0x00000000eb280000, 0x0000000100000000)
  eden space 3584K, 100% used [0x00000000eab00000,0x00000000eae80000,0x00000000eae80000)
  from space 512K, 100% used [0x00000000eb180000,0x00000000eb200000,0x00000000eb200000)
  to   space 2048K, 0% used [0x00000000eae80000,0x00000000eae80000,0x00000000eb080000)
 ParOldGen       total 502784K, used 427308K [0x00000000c0000000, 0x00000000deb00000, 0x00000000eab00000)
  object space 502784K, 84% used [0x00000000c0000000,0x00000000da14b248,0x00000000deb00000)
 Metaspace       used 73296K, committed 74880K, reserved 1179648K
  class space    used 7269K, committed 7936K, reserved 1048576K
}
Event: 7113.691 GC heap after
{Heap after GC invocations=802 (full 3):
 PSYoungGen      total 5632K, used 256K [0x00000000eab00000, 0x00000000eb200000, 0x0000000100000000)
  eden space 3584K, 0% used [0x00000000eab00000,0x00000000eab00000,0x00000000eae80000)
  from space 2048K, 12% used [0x00000000eae80000,0x00000000eaec0000,0x00000000eb080000)
  to   space 1024K, 0% used [0x00000000eb100000,0x00000000eb100000,0x00000000eb200000)
 ParOldGen       total 502784K, used 427673K [0x00000000c0000000, 0x00000000deb00000, 0x00000000eab00000)
  object space 502784K, 85% used [0x00000000c0000000,0x00000000da1a66c8,0x00000000deb00000)
 Metaspace       used 73296K, committed 74880K, reserved 1179648K
  class space    used 7269K, committed 7936K, reserved 1048576K
}
Event: 7113.771 GC heap before
{Heap before GC invocations=803 (full 3):
 PSYoungGen      total 5632K, used 3840K [0x00000000eab00000, 0x00000000eb200000, 0x0000000100000000)
  eden space 3584K, 100% used [0x00000000eab00000,0x00000000eae80000,0x00000000eae80000)
  from space 2048K, 12% used [0x00000000eae80000,0x00000000eaec0000,0x00000000eb080000)
  to   space 1024K, 0% used [0x00000000eb100000,0x00000000eb100000,0x00000000eb200000)
 ParOldGen       total 502784K, used 427673K [0x00000000c0000000, 0x00000000deb00000, 0x00000000eab00000)
  object space 502784K, 85% used [0x00000000c0000000,0x00000000da1a66c8,0x00000000deb00000)
 Metaspace       used 73299K, committed 74880K, reserved 1179648K
  class space    used 7269K, committed 7936K, reserved 1048576K
}
Event: 7113.773 GC heap after
{Heap after GC invocations=803 (full 3):
 PSYoungGen      total 4096K, used 480K [0x00000000eab00000, 0x00000000eb180000, 0x0000000100000000)
  eden space 3584K, 0% used [0x00000000eab00000,0x00000000eab00000,0x00000000eae80000)
  from space 512K, 93% used [0x00000000eb100000,0x00000000eb178000,0x00000000eb180000)
  to   space 1024K, 0% used [0x00000000eaf80000,0x00000000eaf80000,0x00000000eb080000)
 ParOldGen       total 502784K, used 427719K [0x00000000c0000000, 0x00000000deb00000, 0x00000000eab00000)
  object space 502784K, 85% used [0x00000000c0000000,0x00000000da1b1e08,0x00000000deb00000)
 Metaspace       used 73299K, committed 74880K, reserved 1179648K
  class space    used 7269K, committed 7936K, reserved 1048576K
}
Event: 7113.858 GC heap before
{Heap before GC invocations=804 (full 3):
 PSYoungGen      total 4096K, used 3896K [0x00000000eab00000, 0x00000000eb180000, 0x0000000100000000)
  eden space 3584K, 95% used [0x00000000eab00000,0x00000000eae563e0,0x00000000eae80000)
  from space 512K, 93% used [0x00000000eb100000,0x00000000eb178000,0x00000000eb180000)
  to   space 1024K, 0% used [0x00000000eaf80000,0x00000000eaf80000,0x00000000eb080000)
 ParOldGen       total 502784K, used 427719K [0x00000000c0000000, 0x00000000deb00000, 0x00000000eab00000)
  object space 502784K, 85% used [0x00000000c0000000,0x00000000da1b1e08,0x00000000deb00000)
 Metaspace       used 73300K, committed 74880K, reserved 1179648K
  class space    used 7269K, committed 7936K, reserved 1048576K
}
Event: 7113.859 GC heap after
{Heap after GC invocations=804 (full 3):
 PSYoungGen      total 4608K, used 336K [0x00000000eab00000, 0x00000000eb180000, 0x0000000100000000)
  eden space 3584K, 0% used [0x00000000eab00000,0x00000000eab00000,0x00000000eae80000)
  from space 1024K, 32% used [0x00000000eaf80000,0x00000000eafd4010,0x00000000eb080000)
  to   space 512K, 0% used [0x00000000eb100000,0x00000000eb100000,0x00000000eb180000)
 ParOldGen       total 502784K, used 427783K [0x00000000c0000000, 0x00000000deb00000, 0x00000000eab00000)
  object space 502784K, 85% used [0x00000000c0000000,0x00000000da1c1e08,0x00000000deb00000)
 Metaspace       used 73300K, committed 74880K, reserved 1179648K
  class space    used 7269K, committed 7936K, reserved 1048576K
}
Event: 7113.859 GC heap before
{Heap before GC invocations=805 (full 4):
 PSYoungGen      total 4608K, used 336K [0x00000000eab00000, 0x00000000eb180000, 0x0000000100000000)
  eden space 3584K, 0% used [0x00000000eab00000,0x00000000eab00000,0x00000000eae80000)
  from space 1024K, 32% used [0x00000000eaf80000,0x00000000eafd4010,0x00000000eb080000)
  to   space 512K, 0% used [0x00000000eb100000,0x00000000eb100000,0x00000000eb180000)
 ParOldGen       total 502784K, used 427783K [0x00000000c0000000, 0x00000000deb00000, 0x00000000eab00000)
  object space 502784K, 85% used [0x00000000c0000000,0x00000000da1c1e08,0x00000000deb00000)
 Metaspace       used 73300K, committed 74880K, reserved 1179648K
  class space    used 7269K, committed 7936K, reserved 1048576K
}
Event: 7114.838 GC heap after
{Heap after GC invocations=805 (full 4):
 PSYoungGen      total 4608K, used 0K [0x00000000eab00000, 0x00000000eb180000, 0x0000000100000000)
  eden space 3584K, 0% used [0x00000000eab00000,0x00000000eab00000,0x00000000eae80000)
  from space 1024K, 0% used [0x00000000eaf80000,0x00000000eaf80000,0x00000000eb080000)
  to   space 512K, 0% used [0x00000000eb100000,0x00000000eb100000,0x00000000eb180000)
 ParOldGen       total 502784K, used 93934K [0x00000000c0000000, 0x00000000deb00000, 0x00000000eab00000)
  object space 502784K, 18% used [0x00000000c0000000,0x00000000c5bbb9d8,0x00000000deb00000)
 Metaspace       used 73013K, committed 74880K, reserved 1179648K
  class space    used 7192K, committed 7936K, reserved 1048576K
}
Event: 7114.872 GC heap before
{Heap before GC invocations=806 (full 4):
 PSYoungGen      total 4608K, used 3577K [0x00000000eab00000, 0x00000000eb180000, 0x0000000100000000)
  eden space 3584K, 99% used [0x00000000eab00000,0x00000000eae7e658,0x00000000eae80000)
  from space 1024K, 0% used [0x00000000eaf80000,0x00000000eaf80000,0x00000000eb080000)
  to   space 512K, 0% used [0x00000000eb100000,0x00000000eb100000,0x00000000eb180000)
 ParOldGen       total 502784K, used 93934K [0x00000000c0000000, 0x00000000deb00000, 0x00000000eab00000)
  object space 502784K, 18% used [0x00000000c0000000,0x00000000c5bbb9d8,0x00000000deb00000)
 Metaspace       used 73014K, committed 74880K, reserved 1179648K
  class space    used 7192K, committed 7936K, reserved 1048576K
}
Event: 7114.875 GC heap after
{Heap after GC invocations=806 (full 4):
 PSYoungGen      total 4096K, used 512K [0x00000000eab00000, 0x00000000eb180000, 0x0000000100000000)
  eden space 3584K, 0% used [0x00000000eab00000,0x00000000eab00000,0x00000000eae80000)
  from space 512K, 100% used [0x00000000eb100000,0x00000000eb180000,0x00000000eb180000)
  to   space 1024K, 0% used [0x00000000eaf80000,0x00000000eaf80000,0x00000000eb080000)
 ParOldGen       total 502784K, used 93958K [0x00000000c0000000, 0x00000000deb00000, 0x00000000eab00000)
  object space 502784K, 18% used [0x00000000c0000000,0x00000000c5bc19d8,0x00000000deb00000)
 Metaspace       used 73014K, committed 74880K, reserved 1179648K
  class space    used 7192K, committed 7936K, reserved 1048576K
}
Event: 7120.280 GC heap before
{Heap before GC invocations=807 (full 4):
 PSYoungGen      total 4096K, used 4096K [0x00000000eab00000, 0x00000000eb180000, 0x0000000100000000)
  eden space 3584K, 100% used [0x00000000eab00000,0x00000000eae80000,0x00000000eae80000)
  from space 512K, 100% used [0x00000000eb100000,0x00000000eb180000,0x00000000eb180000)
  to   space 1024K, 0% used [0x00000000eaf80000,0x00000000eaf80000,0x00000000eb080000)
 ParOldGen       total 502784K, used 93958K [0x00000000c0000000, 0x00000000deb00000, 0x00000000eab00000)
  object space 502784K, 18% used [0x00000000c0000000,0x00000000c5bc19d8,0x00000000deb00000)
 Metaspace       used 73017K, committed 74880K, reserved 1179648K
  class space    used 7192K, committed 7936K, reserved 1048576K
}
Event: 7120.282 GC heap after
{Heap after GC invocations=807 (full 4):
 PSYoungGen      total 4608K, used 560K [0x00000000eab00000, 0x00000000eb180000, 0x0000000100000000)
  eden space 3584K, 0% used [0x00000000eab00000,0x00000000eab00000,0x00000000eae80000)
  from space 1024K, 54% used [0x00000000eaf80000,0x00000000eb00c010,0x00000000eb080000)
  to   space 1024K, 0% used [0x00000000eb080000,0x00000000eb080000,0x00000000eb180000)
 ParOldGen       total 502784K, used 94438K [0x00000000c0000000, 0x00000000deb00000, 0x00000000eab00000)
  object space 502784K, 18% used [0x00000000c0000000,0x00000000c5c399f8,0x00000000deb00000)
 Metaspace       used 73017K, committed 74880K, reserved 1179648K
  class space    used 7192K, committed 7936K, reserved 1048576K
}
Event: 7120.356 GC heap before
{Heap before GC invocations=808 (full 4):
 PSYoungGen      total 4608K, used 4143K [0x00000000eab00000, 0x00000000eb180000, 0x0000000100000000)
  eden space 3584K, 99% used [0x00000000eab00000,0x00000000eae7ffd8,0x00000000eae80000)
  from space 1024K, 54% used [0x00000000eaf80000,0x00000000eb00c010,0x00000000eb080000)
  to   space 1024K, 0% used [0x00000000eb080000,0x00000000eb080000,0x00000000eb180000)
 ParOldGen       total 502784K, used 94438K [0x00000000c0000000, 0x00000000deb00000, 0x00000000eab00000)
  object space 502784K, 18% used [0x00000000c0000000,0x00000000c5c399f8,0x00000000deb00000)
 Metaspace       used 73018K, committed 74880K, reserved 1179648K
  class space    used 7192K, committed 7936K, reserved 1048576K
}
Event: 7120.357 GC heap after
{Heap after GC invocations=808 (full 4):
 PSYoungGen      total 4096K, used 256K [0x00000000eab00000, 0x00000000eb100000, 0x0000000100000000)
  eden space 3584K, 0% used [0x00000000eab00000,0x00000000eab00000,0x00000000eae80000)
  from space 512K, 50% used [0x00000000eb080000,0x00000000eb0c0000,0x00000000eb100000)
  to   space 512K, 0% used [0x00000000eb000000,0x00000000eb000000,0x00000000eb080000)
 ParOldGen       total 502784K, used 94707K [0x00000000c0000000, 0x00000000deb00000, 0x00000000eab00000)
  object space 502784K, 18% used [0x00000000c0000000,0x00000000c5c7ce88,0x00000000deb00000)
 Metaspace       used 73018K, committed 74880K, reserved 1179648K
  class space    used 7192K, committed 7936K, reserved 1048576K
}
Event: 7121.057 GC heap before
{Heap before GC invocations=809 (full 4):
 PSYoungGen      total 4096K, used 3840K [0x00000000eab00000, 0x00000000eb100000, 0x0000000100000000)
  eden space 3584K, 100% used [0x00000000eab00000,0x00000000eae80000,0x00000000eae80000)
  from space 512K, 50% used [0x00000000eb080000,0x00000000eb0c0000,0x00000000eb100000)
  to   space 512K, 0% used [0x00000000eb000000,0x00000000eb000000,0x00000000eb080000)
 ParOldGen       total 502784K, used 94707K [0x00000000c0000000, 0x00000000deb00000, 0x00000000eab00000)
  object space 502784K, 18% used [0x00000000c0000000,0x00000000c5c7ce88,0x00000000deb00000)
 Metaspace       used 73020K, committed 74880K, reserved 1179648K
  class space    used 7192K, committed 7936K, reserved 1048576K
}
Event: 7121.058 GC heap after
{Heap after GC invocations=809 (full 4):
 PSYoungGen      total 4096K, used 224K [0x00000000eab00000, 0x00000000eb100000, 0x0000000100000000)
  eden space 3584K, 0% used [0x00000000eab00000,0x00000000eab00000,0x00000000eae80000)
  from space 512K, 43% used [0x00000000eb000000,0x00000000eb038000,0x00000000eb080000)
  to   space 512K, 0% used [0x00000000eb080000,0x00000000eb080000,0x00000000eb100000)
 ParOldGen       total 502784K, used 94723K [0x00000000c0000000, 0x00000000deb00000, 0x00000000eab00000)
  object space 502784K, 18% used [0x00000000c0000000,0x00000000c5c80e88,0x00000000deb00000)
 Metaspace       used 73020K, committed 74880K, reserved 1179648K
  class space    used 7192K, committed 7936K, reserved 1048576K
}
Event: 7124.121 GC heap before
{Heap before GC invocations=810 (full 4):
 PSYoungGen      total 4096K, used 3808K [0x00000000eab00000, 0x00000000eb100000, 0x0000000100000000)
  eden space 3584K, 100% used [0x00000000eab00000,0x00000000eae80000,0x00000000eae80000)
  from space 512K, 43% used [0x00000000eb000000,0x00000000eb038000,0x00000000eb080000)
  to   space 512K, 0% used [0x00000000eb080000,0x00000000eb080000,0x00000000eb100000)
 ParOldGen       total 502784K, used 94723K [0x00000000c0000000, 0x00000000deb00000, 0x00000000eab00000)
  object space 502784K, 18% used [0x00000000c0000000,0x00000000c5c80e88,0x00000000deb00000)
 Metaspace       used 73025K, committed 74880K, reserved 1179648K
  class space    used 7192K, committed 7936K, reserved 1048576K
}
Event: 7124.123 GC heap after
{Heap after GC invocations=810 (full 4):
 PSYoungGen      total 4096K, used 496K [0x00000000eab00000, 0x00000000eb100000, 0x0000000100000000)
  eden space 3584K, 0% used [0x00000000eab00000,0x00000000eab00000,0x00000000eae80000)
  from space 512K, 96% used [0x00000000eb080000,0x00000000eb0fc010,0x00000000eb100000)
  to   space 1024K, 0% used [0x00000000eaf00000,0x00000000eaf00000,0x00000000eb000000)
 ParOldGen       total 502784K, used 94792K [0x00000000c0000000, 0x00000000deb00000, 0x00000000eab00000)
  object space 502784K, 18% used [0x00000000c0000000,0x00000000c5c92308,0x00000000deb00000)
 Metaspace       used 73025K, committed 74880K, reserved 1179648K
  class space    used 7192K, committed 7936K, reserved 1048576K
}
Event: 7124.138 GC heap before
{Heap before GC invocations=811 (full 4):
 PSYoungGen      total 4096K, used 4080K [0x00000000eab00000, 0x00000000eb100000, 0x0000000100000000)
  eden space 3584K, 100% used [0x00000000eab00000,0x00000000eae80000,0x00000000eae80000)
  from space 512K, 96% used [0x00000000eb080000,0x00000000eb0fc010,0x00000000eb100000)
  to   space 1024K, 0% used [0x00000000eaf00000,0x00000000eaf00000,0x00000000eb000000)
 ParOldGen       total 502784K, used 94792K [0x00000000c0000000, 0x00000000deb00000, 0x00000000eab00000)
  object space 502784K, 18% used [0x00000000c0000000,0x00000000c5c92308,0x00000000deb00000)
 Metaspace       used 73033K, committed 74880K, reserved 1179648K
  class space    used 7192K, committed 7936K, reserved 1048576K
}
Event: 7124.140 GC heap after
{Heap after GC invocations=811 (full 4):
 PSYoungGen      total 4608K, used 224K [0x00000000eab00000, 0x00000000eb100000, 0x0000000100000000)
  eden space 3584K, 0% used [0x00000000eab00000,0x00000000eab00000,0x00000000eae80000)
  from space 1024K, 21% used [0x00000000eaf00000,0x00000000eaf38000,0x00000000eb000000)
  to   space 512K, 0% used [0x00000000eb080000,0x00000000eb080000,0x00000000eb100000)
 ParOldGen       total 502784K, used 95112K [0x00000000c0000000, 0x00000000deb00000, 0x00000000eab00000)
  object space 502784K, 18% used [0x00000000c0000000,0x00000000c5ce2318,0x00000000deb00000)
 Metaspace       used 73033K, committed 74880K, reserved 1179648K
  class space    used 7192K, committed 7936K, reserved 1048576K
}

